{
  "RSpec": {
    "coverage": {
      "/home/aman/Desktop/rubyy/flash_notes/app/helpers/answers_helper.rb": {
        "lines": [
          1,
          null
        ]
      },
      "/home/aman/Desktop/rubyy/flash_notes/app/helpers/application_helper.rb": {
        "lines": [
          1,
          null
        ]
      },
      "/home/aman/Desktop/rubyy/flash_notes/app/helpers/auth_helper.rb": {
        "lines": [
          1,
          null
        ]
      },
      "/home/aman/Desktop/rubyy/flash_notes/app/helpers/chapters_helper.rb": {
        "lines": [
          1,
          null
        ]
      },
      "/home/aman/Desktop/rubyy/flash_notes/app/helpers/collaborations_helper.rb": {
        "lines": [
          1,
          null
        ]
      },
      "/home/aman/Desktop/rubyy/flash_notes/app/helpers/landing_page_helper.rb": {
        "lines": [
          1,
          null
        ]
      },
      "/home/aman/Desktop/rubyy/flash_notes/app/helpers/not_found_helper.rb": {
        "lines": [
          1,
          null
        ]
      },
      "/home/aman/Desktop/rubyy/flash_notes/app/helpers/paragraphs_helper.rb": {
        "lines": [
          1,
          null
        ]
      },
      "/home/aman/Desktop/rubyy/flash_notes/app/helpers/questions_helper.rb": {
        "lines": [
          1,
          null
        ]
      },
      "/home/aman/Desktop/rubyy/flash_notes/app/helpers/subjects_helper.rb": {
        "lines": [
          1,
          null
        ]
      },
      "/home/aman/Desktop/rubyy/flash_notes/app/models/answer.rb": {
        "lines": [
          1,
          1,
          null,
          1,
          1
        ]
      },
      "/home/aman/Desktop/rubyy/flash_notes/app/models/application_record.rb": {
        "lines": [
          1,
          1,
          null
        ]
      },
      "/home/aman/Desktop/rubyy/flash_notes/app/models/chapter.rb": {
        "lines": [
          1,
          1,
          1,
          null,
          1,
          1,
          null,
          null
        ]
      },
      "/home/aman/Desktop/rubyy/flash_notes/app/models/subject.rb": {
        "lines": [
          1,
          1,
          1,
          null,
          1,
          1,
          null,
          1,
          1
        ]
      },
      "/home/aman/Desktop/rubyy/flash_notes/app/models/user.rb": {
        "lines": [
          1,
          null,
          1,
          null,
          1,
          1,
          1,
          null,
          1,
          1,
          null,
          1,
          1,
          1,
          null,
          null,
          1,
          null,
          1,
          0,
          null
        ]
      },
      "/home/aman/Desktop/rubyy/flash_notes/app/models/question.rb": {
        "lines": [
          1,
          1,
          1,
          null,
          1,
          1,
          null
        ]
      },
      "/home/aman/Desktop/rubyy/flash_notes/app/models/paragraph.rb": {
        "lines": [
          1,
          1,
          1,
          null,
          1,
          null,
          1,
          1,
          1,
          1,
          null
        ]
      },
      "/home/aman/Desktop/rubyy/flash_notes/app/controllers/auth_controller.rb": {
        "lines": [
          1,
          null,
          1,
          null,
          1,
          1,
          1,
          null,
          1,
          null,
          null,
          1,
          1,
          1,
          null,
          null,
          1,
          1,
          1,
          null,
          null,
          1,
          3,
          3,
          1,
          1,
          null,
          null,
          null,
          null,
          1,
          null,
          2,
          2,
          null,
          null,
          null,
          1,
          40,
          40,
          40,
          38,
          38,
          null,
          null,
          null,
          null,
          38,
          null,
          2,
          null,
          null,
          null,
          1,
          4,
          4,
          4,
          null,
          null,
          1,
          null,
          1,
          82,
          null,
          null,
          1,
          40,
          null
        ]
      },
      "/home/aman/Desktop/rubyy/flash_notes/app/controllers/application_controller.rb": {
        "lines": [
          1,
          null,
          1,
          null,
          1,
          null,
          1,
          null,
          1,
          118,
          118,
          null,
          52,
          48,
          null,
          4,
          null,
          null,
          66,
          null,
          null,
          null,
          null,
          1,
          168,
          null,
          null,
          1,
          50,
          5,
          null,
          null,
          null,
          1,
          null
        ]
      },
      "/home/aman/Desktop/rubyy/flash_notes/app/controllers/chapters_controller.rb": {
        "lines": [
          1,
          null,
          1,
          1,
          1,
          null,
          null,
          1,
          3,
          3,
          null,
          null,
          1,
          1,
          1,
          1,
          null,
          null,
          1,
          2,
          2,
          1,
          null,
          1,
          null,
          null,
          null,
          1,
          0,
          0,
          0,
          null,
          null,
          1,
          2,
          1,
          null,
          1,
          null,
          null,
          null,
          1,
          1,
          1,
          null,
          null,
          1,
          null,
          1,
          15,
          15,
          2,
          2,
          null,
          null,
          null,
          1,
          8,
          8,
          8,
          4,
          4,
          null,
          null,
          null,
          1,
          4,
          null,
          null,
          1,
          16,
          1,
          1,
          null,
          null,
          null,
          null
        ]
      },
      "/home/aman/Desktop/rubyy/flash_notes/app/controllers/paragraphs_controller.rb": {
        "lines": [
          1,
          1,
          1,
          1,
          1,
          null,
          1,
          2,
          2,
          2,
          2,
          1,
          null,
          null,
          null,
          1,
          1,
          1,
          null,
          null,
          1,
          2,
          2,
          2,
          1,
          null,
          1,
          null,
          null,
          null,
          1,
          0,
          null,
          null,
          1,
          2,
          1,
          null,
          1,
          null,
          null,
          null,
          1,
          2,
          1,
          null,
          1,
          null,
          null,
          null,
          1,
          null,
          1,
          4,
          null,
          null,
          null,
          1,
          16,
          16,
          2,
          2,
          null,
          null,
          null,
          1,
          14,
          14,
          14,
          2,
          2,
          null,
          null,
          null,
          1,
          8,
          8,
          8,
          null,
          0,
          0,
          null,
          8,
          3,
          3,
          null,
          null,
          null,
          1,
          25,
          9,
          9,
          null,
          null,
          null
        ]
      },
      "/home/aman/Desktop/rubyy/flash_notes/app/controllers/subjects_controller.rb": {
        "lines": [
          1,
          1,
          1,
          null,
          1,
          3,
          null,
          3,
          3,
          null,
          0,
          null,
          3,
          1,
          null,
          3,
          null,
          null,
          1,
          null,
          1,
          1,
          null,
          0,
          null,
          null,
          null,
          1,
          2,
          2,
          1,
          null,
          1,
          null,
          null,
          null,
          1,
          null,
          null,
          1,
          1,
          1,
          null,
          0,
          null,
          null,
          null,
          1,
          1,
          1,
          1,
          null,
          0,
          null,
          null,
          null,
          1,
          null,
          1,
          3,
          null,
          null,
          1,
          4,
          4,
          4,
          1,
          1,
          null,
          null,
          0,
          null,
          null,
          null,
          1,
          11,
          2,
          2,
          null,
          null
        ]
      },
      "/home/aman/Desktop/rubyy/flash_notes/app/models/collaboration.rb": {
        "lines": [
          1,
          1,
          1,
          1,
          null,
          1,
          1,
          1,
          1,
          1
        ]
      },
      "/home/aman/Desktop/rubyy/flash_notes/app/controllers/not_found_controller.rb": {
        "lines": [
          1,
          1,
          null,
          1,
          1,
          null,
          null
        ]
      },
      "/home/aman/Desktop/rubyy/flash_notes/app/controllers/landing_page_controller.rb": {
        "lines": [
          0,
          null,
          0,
          0,
          null,
          0
        ],
        "branches": {}
      },
      "/home/aman/Desktop/rubyy/flash_notes/app/jobs/application_job.rb": {
        "lines": [
          0,
          null,
          null,
          null,
          null,
          null,
          0
        ],
        "branches": {}
      },
      "/home/aman/Desktop/rubyy/flash_notes/app/mailers/application_mailer.rb": {
        "lines": [
          0,
          0,
          0,
          0
        ],
        "branches": {}
      }
    },
    "timestamp": 1742554444
  }
}
